<?xml version="1.0" encoding="UTF-8"?>
<!-- Generated by org.testng.reporters.JUnitXMLReporter -->
<testsuite ignored="0" hostname="ANIL" failures="0" tests="4" name="Default test" time="37.982" errors="0" timestamp="2022-05-18T17:32:15 IST">
  <testcase classname="com.wipro.testcases.TC01" name="testRegistrationOfCustomer" time="11.711"/>
  <testcase classname="com.wipro.testcases.TC01" name="testContactUsFunctionality" time="3.842"/>
  <testcase classname="com.wipro.testcases.TC01" name="testReviewProductFunctionality" time="13.159"/>
  <testcase classname="com.wipro.testcases.TC01" name="testAddToCart" time="4.961"/>
</testsuite> <!-- Default test -->
